# JRE version: OpenJDK Runtime Environment (17.0.6) (build 17.0.6+0-b2043.56-10027231)
# Java VM: OpenJDK 64-Bit Server VM (17.0.6+0-b2043.56-10027231, mixed mode, tiered, compressed oops, compressed class ptrs, g1 gc, windows-amd64)
GC Precious Log:
 CPUs: 4 total, 4 available
 Memory: 8075M
 Large Page Support: Disabled
 NUMA Support: Disabled
 Compressed Oops: Enabled (32-bit)
 Heap Region Size: 1M
 Heap Min Capacity: 8M
 Heap Initial Capacity: 128M
 Heap Max Capacity: 2G
 Pre-touch: Disabled
 Parallel Workers: 4
 Concurrent Workers: 1
 Concurrent Refinement Workers: 4
 Periodic GC: Disabled
Heap:
 garbage-first heap   total 450560K, used 322437K [0x0000000080000000, 0x0000000100000000)
  region size 1024K, 95 young (97280K), 18 survivors (18432K)
 Metaspace       used 169603K, committed 170624K, reserved 1204224K
  class space    used 22033K, committed 22528K, reserved 1048576K
GC Heap History (20 events):
Event: 46.847 GC heap before
{Heap before GC invocations=45 (full 0):
 garbage-first heap   total 338944K, used 266011K [0x0000000080000000, 0x0000000100000000)
  region size 1024K, 115 young (117760K), 13 survivors (13312K)
 Metaspace       used 118618K, committed 119488K, reserved 1155072K
  class space    used 15576K, committed 16000K, reserved 1048576K
}
Event: 46.895 GC heap after
{Heap after GC invocations=46 (full 0):
 garbage-first heap   total 338944K, used 171362K [0x0000000080000000, 0x0000000100000000)
  region size 1024K, 15 young (15360K), 15 survivors (15360K)
 Metaspace       used 118618K, committed 119488K, reserved 1155072K
  class space    used 15576K, committed 16000K, reserved 1048576K
}
Event: 50.048 GC heap before
{Heap before GC invocations=46 (full 0):
 garbage-first heap   total 338944K, used 271714K [0x0000000080000000, 0x0000000100000000)
  region size 1024K, 113 young (115712K), 15 survivors (15360K)
 Metaspace       used 132703K, committed 133504K, reserved 1171456K
  class space    used 17137K, committed 17536K, reserved 1048576K
}
Event: 50.107 GC heap after
{Heap after GC invocations=47 (full 0):
 garbage-first heap   total 338944K, used 176429K [0x0000000080000000, 0x0000000100000000)
  region size 1024K, 6 young (6144K), 6 survivors (6144K)
 Metaspace       used 132703K, committed 133504K, reserved 1171456K
  class space    used 17137K, committed 17536K, reserved 1048576K
}
Event: 54.605 GC heap before
{Heap before GC invocations=47 (full 0):
 garbage-first heap   total 338944K, used 276781K [0x0000000080000000, 0x0000000100000000)
  region size 1024K, 104 young (106496K), 6 survivors (6144K)
 Metaspace       used 145580K, committed 146560K, reserved 1179648K
  class space    used 18899K, committed 19328K, reserved 1048576K
}
Event: 54.630 GC heap after
{Heap after GC invocations=48 (full 0):
 garbage-first heap   total 338944K, used 180013K [0x0000000080000000, 0x0000000100000000)
  region size 1024K, 9 young (9216K), 9 survivors (9216K)
 Metaspace       used 145580K, committed 146560K, reserved 1179648K
  class space    used 18899K, committed 19328K, reserved 1048576K
}
Event: 66.169 GC heap before
{Heap before GC invocations=48 (full 0):
 garbage-first heap   total 338944K, used 301869K [0x0000000080000000, 0x0000000100000000)
  region size 1024K, 107 young (109568K), 9 survivors (9216K)
 Metaspace       used 153285K, committed 154368K, reserved 1187840K
  class space    used 19979K, committed 20480K, reserved 1048576K
}
Event: 66.196 GC heap after
{Heap after GC invocations=49 (full 0):
 garbage-first heap   total 338944K, used 206848K [0x0000000080000000, 0x0000000100000000)
  region size 1024K, 14 young (14336K), 14 survivors (14336K)
 Metaspace       used 153285K, committed 154368K, reserved 1187840K
  class space    used 19979K, committed 20480K, reserved 1048576K
}
Event: 67.648 GC heap before
{Heap before GC invocations=49 (full 0):
 garbage-first heap   total 338944K, used 284672K [0x0000000080000000, 0x0000000100000000)
  region size 1024K, 87 young (89088K), 14 survivors (14336K)
 Metaspace       used 153836K, committed 154880K, reserved 1187840K
  class space    used 20057K, committed 20544K, reserved 1048576K
}
Event: 67.727 GC heap after
{Heap after GC invocations=50 (full 0):
 garbage-first heap   total 338944K, used 228201K [0x0000000080000000, 0x0000000100000000)
  region size 1024K, 11 young (11264K), 11 survivors (11264K)
 Metaspace       used 153836K, committed 154880K, reserved 1187840K
  class space    used 20057K, committed 20544K, reserved 1048576K
}
Event: 68.723 GC heap before
{Heap before GC invocations=50 (full 0):
 garbage-first heap   total 338944K, used 279401K [0x0000000080000000, 0x0000000100000000)
  region size 1024K, 62 young (63488K), 11 survivors (11264K)
 Metaspace       used 153836K, committed 154880K, reserved 1187840K
  class space    used 20057K, committed 20544K, reserved 1048576K
}
Event: 68.742 GC heap after
{Heap after GC invocations=51 (full 0):
 garbage-first heap   total 338944K, used 233472K [0x0000000080000000, 0x0000000100000000)
  region size 1024K, 5 young (5120K), 5 survivors (5120K)
 Metaspace       used 153836K, committed 154880K, reserved 1187840K
  class space    used 20057K, committed 20544K, reserved 1048576K
}
Event: 70.672 GC heap before
{Heap before GC invocations=52 (full 0):
 garbage-first heap   total 450560K, used 282624K [0x0000000080000000, 0x0000000100000000)
  region size 1024K, 54 young (55296K), 5 survivors (5120K)
 Metaspace       used 153838K, committed 154880K, reserved 1187840K
  class space    used 20057K, committed 20544K, reserved 1048576K
}
Event: 70.681 GC heap after
{Heap after GC invocations=53 (full 0):
 garbage-first heap   total 450560K, used 234496K [0x0000000080000000, 0x0000000100000000)
  region size 1024K, 4 young (4096K), 4 survivors (4096K)
 Metaspace       used 153838K, committed 154880K, reserved 1187840K
  class space    used 20057K, committed 20544K, reserved 1048576K
}
Event: 71.215 GC heap before
{Heap before GC invocations=53 (full 0):
 garbage-first heap   total 450560K, used 252928K [0x0000000080000000, 0x0000000100000000)
  region size 1024K, 22 young (22528K), 4 survivors (4096K)
 Metaspace       used 153838K, committed 154880K, reserved 1187840K
  class space    used 20057K, committed 20544K, reserved 1048576K
}
Event: 71.223 GC heap after
{Heap after GC invocations=54 (full 0):
 garbage-first heap   total 450560K, used 228609K [0x0000000080000000, 0x0000000100000000)
  region size 1024K, 3 young (3072K), 3 survivors (3072K)
 Metaspace       used 153838K, committed 154880K, reserved 1187840K
  class space    used 20057K, committed 20544K, reserved 1048576K
}
Event: 74.174 GC heap before
{Heap before GC invocations=54 (full 0):
 garbage-first heap   total 450560K, used 368897K [0x0000000080000000, 0x0000000100000000)
  region size 1024K, 140 young (143360K), 3 survivors (3072K)
 Metaspace       used 153840K, committed 154880K, reserved 1187840K
  class space    used 20057K, committed 20544K, reserved 1048576K
}
Event: 74.186 GC heap after
{Heap after GC invocations=55 (full 0):
 garbage-first heap   total 450560K, used 233849K [0x0000000080000000, 0x0000000100000000)
  region size 1024K, 8 young (8192K), 8 survivors (8192K)
 Metaspace       used 153840K, committed 154880K, reserved 1187840K
  class space    used 20057K, committed 20544K, reserved 1048576K
}
Event: 80.228 GC heap before
{Heap before GC invocations=55 (full 0):
 garbage-first heap   total 450560K, used 390521K [0x0000000080000000, 0x0000000100000000)
  region size 1024K, 143 young (146432K), 8 survivors (8192K)
 Metaspace       used 156417K, committed 157504K, reserved 1187840K
  class space    used 20313K, committed 20800K, reserved 1048576K
}
Event: 80.275 GC heap after
{Heap after GC invocations=56 (full 0):
 garbage-first heap   total 450560K, used 244613K [0x0000000080000000, 0x0000000100000000)
  region size 1024K, 18 young (18432K), 18 survivors (18432K)
 Metaspace       used 156417K, committed 157504K, reserved 1187840K
  class space    used 20313K, committed 20800K, reserved 1048576K
}

